#
# There is insufficient memory for the Java Runtime Environment to continue.
# Native memory allocation (malloc) failed to allocate 2104656 bytes for Chunk::new
# Possible reasons:
#   The system is out of physical RAM or swap space
#   The process is running with CompressedOops enabled, and the Java Heap may be blocking the growth of the native heap
# Possible solutions:
#   Reduce memory load on the system
#   Increase physical memory or swap space
#   Check if swap backing store is full
#   Decrease Java heap size (-Xmx/-Xms)
#   Decrease number of Java threads
#   Decrease Java thread stack sizes (-Xss)
#   Set larger code cache with -XX:ReservedCodeCacheSize=
#   JVM is running with Unscaled Compressed Oops mode in which the Java heap is
#     placed in the first 4GB address space. The Java Heap base address is the
#     maximum limit for the native heap growth. Please use -XX:HeapBaseMinAddress
#     to set the Java Heap base and to place the Java Heap above 4GB virtual address.
# This output file may be truncated or incomplete.
#
#  Out of Memory Error (allocation.cpp:389), pid=6368, tid=0x0000000000003058
#
# JRE version: OpenJDK Runtime Environment (8.0_242-b01) (build 1.8.0_242-release-1644-b01)
# Java VM: OpenJDK 64-Bit Server VM (25.242-b01 mixed mode windows-amd64 compressed oops)
# Failed to write core dump. Minidumps are not enabled by default on client versions of Windows
#

---------------  T H R E A D  ---------------

Current thread (0x0000000018c29000):  JavaThread "C2 CompilerThread2" daemon [_thread_in_native, id=12376, stack(0x0000000019590000,0x0000000019690000)]

Stack: [0x0000000019590000,0x0000000019690000]
[error occurred during error reporting (printing stack bounds), id 0xc0000005]

Native frames: (J=compiled Java code, j=interpreted, Vv=VM code, C=native code)


Current CompileTask:
C2:   7874 1485   !   4       java.net.URLClassLoader$1::run (63 bytes)


---------------  P R O C E S S  ---------------

Java Threads: ( => current thread )
  0x000000001ae91000 JavaThread "Cache worker for file hash cache (D:\Github\Memo\.gradle\5.4.1\fileHashes)" [_thread_blocked, id=6972, stack(0x000000001d610000,0x000000001d710000)]
  0x000000001ae92800 JavaThread "Cache worker for journal cache (D:\device\.gradle\caches\journal-1)" [_thread_blocked, id=6360, stack(0x000000001c540000,0x000000001c640000)]
  0x000000001ae93000 JavaThread "File lock request listener" [_thread_in_native, id=14300, stack(0x000000001c440000,0x000000001c540000)]
  0x000000001ae94800 JavaThread "Cache worker for file hash cache (D:\device\.gradle\caches\5.4.1\fileHashes)" [_thread_blocked, id=4848, stack(0x000000001c140000,0x000000001c240000)]
  0x000000001a25c000 JavaThread "Thread-9" [_thread_blocked, id=12380, stack(0x000000001c040000,0x000000001c140000)]
  0x000000001a43b000 JavaThread "Stdin handler" [_thread_blocked, id=7112, stack(0x000000001bf40000,0x000000001c040000)]
  0x000000001a43a000 JavaThread "Asynchronous log dispatcher for DefaultDaemonConnection: socket connection from /127.0.0.1:53076 to /127.0.0.1:53077" [_thread_blocked, id=15292, stack(0x000000001bd40000,0x000000001be40000)]
  0x0000000018ee2800 JavaThread "Daemon worker" [_thread_in_vm, id=1088, stack(0x000000001bc40000,0x000000001bd40000)]
  0x0000000018ee1800 JavaThread "Cancel handler" [_thread_blocked, id=14752, stack(0x000000001bb40000,0x000000001bc40000)]
  0x0000000019ece800 JavaThread "Handler for socket connection from /127.0.0.1:53076 to /127.0.0.1:53077" [_thread_in_native, id=14852, stack(0x000000001b840000,0x000000001b940000)]
  0x0000000019ed0000 JavaThread "Daemon" [_thread_blocked, id=14200, stack(0x000000001b740000,0x000000001b840000)]
  0x000000001a164800 JavaThread "Daemon periodic checks" [_thread_blocked, id=10096, stack(0x000000001b640000,0x000000001b740000)]
  0x000000001a164000 JavaThread "Incoming local TCP Connector on port 53076" [_thread_in_native, id=12464, stack(0x000000001b460000,0x000000001b560000)]
  0x000000001ad93000 JavaThread "Daemon health stats" [_thread_blocked, id=2120, stack(0x000000001b160000,0x000000001b260000)]
  0x0000000018cbf800 JavaThread "Service Thread" daemon [_thread_blocked, id=16308, stack(0x0000000019790000,0x0000000019890000)]
  0x0000000018c2d000 JavaThread "C1 CompilerThread3" daemon [_thread_blocked, id=14628, stack(0x0000000019690000,0x0000000019790000)]
=>0x0000000018c29000 JavaThread "C2 CompilerThread2" daemon [_thread_in_native, id=12376, stack(0x0000000019590000,0x0000000019690000)]
  0x0000000018c23000 JavaThread "C2 CompilerThread1" daemon [_thread_in_native, id=14548, stack(0x0000000019490000,0x0000000019590000)]
  0x0000000018c1b800 JavaThread "C2 CompilerThread0" daemon [_thread_in_native, id=4928, stack(0x0000000019390000,0x0000000019490000)]
  0x0000000018c1a000 JavaThread "Attach Listener" daemon [_thread_blocked, id=8204, stack(0x0000000019290000,0x0000000019390000)]
  0x0000000018c19000 JavaThread "Signal Dispatcher" daemon [_thread_blocked, id=8468, stack(0x0000000019190000,0x0000000019290000)]
  0x0000000002ff7800 JavaThread "Finalizer" daemon [_thread_blocked, id=15216, stack(0x0000000019090000,0x0000000019190000)]
  0x0000000018bb0800 JavaThread "Reference Handler" daemon [_thread_blocked, id=15872, stack(0x0000000018f90000,0x0000000019090000)]
  0x0000000002f02800 JavaThread "main" [_thread_blocked, id=3120, stack(0x0000000002d00000,0x0000000002e00000)]

Other Threads:
  0x0000000016db7000 VMThread [stack: 0x0000000018a90000,0x0000000018b90000] [id=1052]
  0x0000000018cc0800 WatcherThread [stack: 0x0000000019890000,0x0000000019990000] [id=14748]

VM state:not at safepoint (normal execution)

VM Mutex/Monitor currently owned by a thread: None

heap address: 0x00000000a0000000, size: 1536 MB, Compressed Oops mode: 32-bit
Narrow klass base: 0x0000000000000000, Narrow klass shift: 3
Compressed class space size: 1073741824 Address: 0x0000000100000000

Heap:
 PSYoungGen      total 140800K, used 39435K [0x00000000e0000000, 0x00000000e9400000, 0x0000000100000000)
  eden space 130048K, 22% used [0x00000000e0000000,0x00000000e1c7c1e8,0x00000000e7f00000)
  from space 10752K, 95% used [0x00000000e8980000,0x00000000e9386c50,0x00000000e9400000)
  to   space 10752K, 0% used [0x00000000e7f00000,0x00000000e7f00000,0x00000000e8980000)
 ParOldGen       total 173568K, used 24K [0x00000000a0000000, 0x00000000aa980000, 0x00000000e0000000)
  object space 173568K, 0% used [0x00000000a0000000,0x00000000a0006000,0x00000000aa980000)
 Metaspace       used 17748K, capacity 18208K, committed 18304K, reserved 1064960K
  class space    used 2555K, capacity 2686K, committed 2688K, reserved 1048576K

Card table byte_map: [0x00000000123c0000,0x00000000126d0000] byte_map_base: 0x0000000011ec0000

Marking Bits: (ParMarkBitMap*) 0x000000006d37f030
 Begin Bits: [0x00000000130d0000, 0x00000000148d0000)
 End Bits:   [0x00000000148d0000, 0x00000000160d0000)

Polling page: 0x00000000009f0000

CodeCache: size=245760Kb used=5649Kb max_used=5660Kb free=240111Kb
 bounds [0x0000000003000000, 0x0000000003590000, 0x0000000012000000]
 total_blobs=2027 nmethods=1623 adapters=317
 compilation: enabled

Compilation events (10 events):
Event: 7.849 Thread 0x0000000018c2d000 1622       3       java.util.concurrent.locks.AbstractOwnableSynchronizer::<init> (5 bytes)
Event: 7.850 Thread 0x0000000018c2d000 nmethod 1622 0x000000000357e4d0 code [0x000000000357e620, 0x000000000357e7d0]
Event: 7.867 Thread 0x0000000018c2d000 1623       3       java.lang.Class::arrayContentsEq (70 bytes)
Event: 7.867 Thread 0x0000000018c2d000 nmethod 1623 0x0000000003585e10 code [0x0000000003585fa0, 0x00000000035863d0]
Event: 7.867 Thread 0x0000000018c2d000 1624       3       sun.misc.ProxyGenerator::access$700 (7 bytes)
Event: 7.867 Thread 0x0000000018c2d000 nmethod 1624 0x0000000003586550 code [0x00000000035866c0, 0x00000000035868a8]
Event: 7.867 Thread 0x0000000018c2d000 1625       3       sun.misc.ProxyGenerator$ExceptionTableEntry::<init> (26 bytes)
Event: 7.868 Thread 0x0000000018c2d000 nmethod 1625 0x00000000035869d0 code [0x0000000003586b20, 0x0000000003586cd0]
Event: 7.869 Thread 0x0000000018c2d000 1626       3       org.gradle.internal.service.DefaultServiceRegistry::access$1300 (4 bytes)
Event: 7.869 Thread 0x0000000018c2d000 nmethod 1626 0x0000000003586d90 code [0x0000000003586ee0, 0x0000000003587010]

GC Heap History (4 events):
Event: 1.511 GC heap before
{Heap before GC invocations=1 (full 0):
 PSYoungGen      total 75776K, used 65024K [0x00000000e0000000, 0x00000000e5480000, 0x0000000100000000)
  eden space 65024K, 100% used [0x00000000e0000000,0x00000000e3f80000,0x00000000e3f80000)
  from space 10752K, 0% used [0x00000000e4a00000,0x00000000e4a00000,0x00000000e5480000)
  to   space 10752K, 0% used [0x00000000e3f80000,0x00000000e3f80000,0x00000000e4a00000)
 ParOldGen       total 173568K, used 0K [0x00000000a0000000, 0x00000000aa980000, 0x00000000e0000000)
  object space 173568K, 0% used [0x00000000a0000000,0x00000000a0000000,0x00000000aa980000)
 Metaspace       used 8369K, capacity 8694K, committed 8832K, reserved 1056768K
  class space    used 1051K, capacity 1113K, committed 1152K, reserved 1048576K
Event: 1.543 GC heap after
Heap after GC invocations=1 (full 0):
 PSYoungGen      total 75776K, used 6768K [0x00000000e0000000, 0x00000000e9400000, 0x0000000100000000)
  eden space 65024K, 0% used [0x00000000e0000000,0x00000000e0000000,0x00000000e3f80000)
  from space 10752K, 62% used [0x00000000e3f80000,0x00000000e461c1a8,0x00000000e4a00000)
  to   space 10752K, 0% used [0x00000000e8980000,0x00000000e8980000,0x00000000e9400000)
 ParOldGen       total 173568K, used 8K [0x00000000a0000000, 0x00000000aa980000, 0x00000000e0000000)
  object space 173568K, 0% used [0x00000000a0000000,0x00000000a0002000,0x00000000aa980000)
 Metaspace       used 8369K, capacity 8694K, committed 8832K, reserved 1056768K
  class space    used 1051K, capacity 1113K, committed 1152K, reserved 1048576K
}
Event: 7.511 GC heap before
{Heap before GC invocations=2 (full 0):
 PSYoungGen      total 75776K, used 71792K [0x00000000e0000000, 0x00000000e9400000, 0x0000000100000000)
  eden space 65024K, 100% used [0x00000000e0000000,0x00000000e3f80000,0x00000000e3f80000)
  from space 10752K, 62% used [0x00000000e3f80000,0x00000000e461c1a8,0x00000000e4a00000)
  to   space 10752K, 0% used [0x00000000e8980000,0x00000000e8980000,0x00000000e9400000)
 ParOldGen       total 173568K, used 8K [0x00000000a0000000, 0x00000000aa980000, 0x00000000e0000000)
  object space 173568K, 0% used [0x00000000a0000000,0x00000000a0002000,0x00000000aa980000)
 Metaspace       used 15429K, capacity 15902K, committed 16256K, reserved 1062912K
  class space    used 2181K, capacity 2365K, committed 2432K, reserved 1048576K
Event: 7.523 GC heap after
Heap after GC invocations=2 (full 0):
 PSYoungGen      total 140800K, used 10267K [0x00000000e0000000, 0x00000000e9400000, 0x0000000100000000)
  eden space 130048K, 0% used [0x00000000e0000000,0x00000000e0000000,0x00000000e7f00000)
  from space 10752K, 95% used [0x00000000e8980000,0x00000000e9386c50,0x00000000e9400000)
  to   space 10752K, 0% used [0x00000000e7f00000,0x00000000e7f00000,0x00000000e8980000)
 ParOldGen       total 173568K, used 24K [0x00000000a0000000, 0x00000000aa980000, 0x00000000e0000000)
  object space 173568K, 0% used [0x00000000a0000000,0x00000000a0006000,0x00000000aa980000)
 Metaspace       used 15429K, capacity 15902K, committed 16256K, reserved 1062912K
  class space    used 2181K, capacity 2365K, committed 2432K, reserved 1048576K
}

Deoptimization events (10 events):
Event: 6.909 Thread 0x0000000018ee2800 Uncommon trap: reason=bimorphic action=maybe_recompile pc=0x00000000032b4dc0 method=java.util.HashMap.putVal(ILjava/lang/Object;Ljava/lang/Object;ZZ)Ljava/lang/Object; @ 253
Event: 6.909 Thread 0x0000000018ee2800 Uncommon trap: reason=bimorphic action=maybe_recompile pc=0x00000000032b4dc0 method=java.util.HashMap.putVal(ILjava/lang/Object;Ljava/lang/Object;ZZ)Ljava/lang/Object; @ 253
Event: 6.909 Thread 0x0000000018ee2800 Uncommon trap: reason=bimorphic action=maybe_recompile pc=0x00000000032b4dc0 method=java.util.HashMap.putVal(ILjava/lang/Object;Ljava/lang/Object;ZZ)Ljava/lang/Object; @ 253
Event: 6.909 Thread 0x0000000018ee2800 Uncommon trap: reason=bimorphic action=maybe_recompile pc=0x00000000032b4dc0 method=java.util.HashMap.putVal(ILjava/lang/Object;Ljava/lang/Object;ZZ)Ljava/lang/Object; @ 253
Event: 6.910 Thread 0x0000000018ee2800 Uncommon trap: reason=bimorphic action=maybe_recompile pc=0x00000000032c1d7c method=java.util.HashMap.putVal(ILjava/lang/Object;Ljava/lang/Object;ZZ)Ljava/lang/Object; @ 253
Event: 7.194 Thread 0x0000000018ee2800 Uncommon trap: reason=class_check action=maybe_recompile pc=0x00000000032df1d8 method=java.util.regex.Matcher.match(II)Z @ 86
Event: 7.214 Thread 0x0000000018ee2800 Uncommon trap: reason=class_check action=maybe_recompile pc=0x00000000032df1d8 method=java.util.regex.Matcher.match(II)Z @ 86
Event: 7.215 Thread 0x0000000018ee2800 Uncommon trap: reason=class_check action=maybe_recompile pc=0x00000000032df1d8 method=java.util.regex.Matcher.match(II)Z @ 86
Event: 7.215 Thread 0x0000000018ee2800 Uncommon trap: reason=class_check action=maybe_recompile pc=0x000000000329a89c method=java.util.regex.Matcher.match(II)Z @ 86
Event: 7.482 Thread 0x0000000018ee2800 Uncommon trap: reason=unstable_if action=reinterpret pc=0x00000000033d2874 method=java.lang.String.lastIndexOf([CII[CIII)I @ 66

Classes redefined (0 events):
No events

Internal exceptions (10 events):
Event: 6.823 Thread 0x0000000019ece800 Exception <a 'java/lang/NoSuchMethodError': <clinit>> (0x00000000e10727d8) thrown at [C:\src\AOSP-openjdk-git\hotspot\src\share\vm\prims\jni.cpp, line 1615]
Event: 6.825 Thread 0x0000000019ece800 Exception <a 'java/lang/NoSuchMethodError': <clinit>> (0x00000000e10870f8) thrown at [C:\src\AOSP-openjdk-git\hotspot\src\share\vm\prims\jni.cpp, line 1615]
Event: 6.828 Thread 0x0000000019ece800 Exception <a 'java/lang/NoSuchMethodError': <clinit>> (0x00000000e1099978) thrown at [C:\src\AOSP-openjdk-git\hotspot\src\share\vm\prims\jni.cpp, line 1615]
Event: 6.833 Thread 0x0000000019ece800 Exception <a 'java/lang/NoSuchMethodError': <clinit>> (0x00000000e10c0478) thrown at [C:\src\AOSP-openjdk-git\hotspot\src\share\vm\prims\jni.cpp, line 1615]
Event: 6.835 Thread 0x0000000019ece800 Exception <a 'java/lang/NoSuchMethodError': <clinit>> (0x00000000e10d7e80) thrown at [C:\src\AOSP-openjdk-git\hotspot\src\share\vm\prims\jni.cpp, line 1615]
Event: 6.836 Thread 0x0000000019ece800 Exception <a 'java/lang/NoSuchMethodError': <clinit>> (0x00000000e10e0a20) thrown at [C:\src\AOSP-openjdk-git\hotspot\src\share\vm\prims\jni.cpp, line 1615]
Event: 6.838 Thread 0x0000000019ece800 Exception <a 'java/lang/NoSuchMethodError': <clinit>> (0x00000000e10f6bd0) thrown at [C:\src\AOSP-openjdk-git\hotspot\src\share\vm\prims\jni.cpp, line 1615]
Event: 6.854 Thread 0x0000000019ece800 Exception <a 'java/lang/NoSuchMethodError': <clinit>> (0x00000000e115a0e0) thrown at [C:\src\AOSP-openjdk-git\hotspot\src\share\vm\prims\jni.cpp, line 1615]
Event: 6.860 Thread 0x0000000019ece800 Exception <a 'java/lang/NoSuchMethodError': <clinit>> (0x00000000e1185db0) thrown at [C:\src\AOSP-openjdk-git\hotspot\src\share\vm\prims\jni.cpp, line 1615]
Event: 6.864 Thread 0x0000000019ece800 Exception <a 'java/lang/NoSuchMethodError': <clinit>> (0x00000000e11a2780) thrown at [C:\src\AOSP-openjdk-git\hotspot\src\share\vm\prims\jni.cpp, line 1615]

Events (10 events):
Event: 7.866 loading class org/gradle/BuildResult
Event: 7.866 loading class org/gradle/BuildResult done
Event: 7.867 loading class org/gradle/initialization/ModelConfigurationListener
Event: 7.867 loading class org/gradle/initialization/ModelConfigurationListener done
Event: 7.869 loading class org/gradle/api/internal/tasks/options/OptionValidationException
Event: 7.869 loading class org/gradle/api/internal/tasks/options/OptionValidationException done
Event: 7.870 loading class org/gradle/api/internal/tasks/options/OptionValueNotationParserFactory
Event: 7.870 loading class org/gradle/api/internal/tasks/options/OptionValueNotationParserFactory done
Event: 7.870 loading class org/gradle/execution/TaskSelectionException
Event: 7.870 loading class org/gradle/execution/TaskSelectionException done


Dynamic libraries:
0x00007ff634aa0000 - 0x00007ff634ad1000 	D:\Android\jre\bin\java.exe
0x00007ff8ac610000 - 0x00007ff8ac7fd000 	C:\Windows\SYSTEM32\ntdll.dll
0x00007ff8aa9d0000 - 0x00007ff8aaa83000 	C:\Windows\System32\KERNEL32.DLL
0x00007ff8a8c70000 - 0x00007ff8a8f05000 	C:\Windows\System32\KERNELBASE.dll
0x00007ff8aacc0000 - 0x00007ff8aad63000 	C:\Windows\System32\ADVAPI32.dll
0x00007ff8aad70000 - 0x00007ff8aae0e000 	C:\Windows\System32\msvcrt.dll
0x00007ff8aafb0000 - 0x00007ff8ab04e000 	C:\Windows\System32\sechost.dll
0x00007ff8aae80000 - 0x00007ff8aafa2000 	C:\Windows\System32\RPCRT4.dll
0x00007ff8aa4d0000 - 0x00007ff8aa667000 	C:\Windows\System32\USER32.dll
0x00007ff8a86d0000 - 0x00007ff8a86f0000 	C:\Windows\System32\win32u.dll
0x00007ff8aa9a0000 - 0x00007ff8aa9c9000 	C:\Windows\System32\GDI32.dll
0x00007ff8a89d0000 - 0x00007ff8a8b6a000 	C:\Windows\System32\gdi32full.dll
0x00007ff8a8b70000 - 0x00007ff8a8c10000 	C:\Windows\System32\msvcp_win.dll
0x00007ff8a8fc0000 - 0x00007ff8a90ba000 	C:\Windows\System32\ucrtbase.dll
0x00007ff89c270000 - 0x00007ff89c4e9000 	C:\Windows\WinSxS\amd64_microsoft.windows.common-controls_6595b64144ccf1df_6.0.17763.1282_none_de75b6f253473c0f\COMCTL32.dll
0x00007ff8a9d80000 - 0x00007ff8aa0ac000 	C:\Windows\System32\combase.dll
0x00007ff8a8950000 - 0x00007ff8a89ce000 	C:\Windows\System32\bcryptPrimitives.dll
0x00007ff8aa960000 - 0x00007ff8aa98e000 	C:\Windows\System32\IMM32.DLL
0x000000006c070000 - 0x000000006c142000 	D:\Android\jre\jre\bin\msvcr100.dll
0x000000006cbb0000 - 0x000000006d3fb000 	D:\Android\jre\jre\bin\server\jvm.dll
0x00007ff8ab0d0000 - 0x00007ff8ab0d8000 	C:\Windows\System32\PSAPI.DLL
0x00007ff8a4e70000 - 0x00007ff8a4e79000 	C:\Windows\SYSTEM32\WSOCK32.dll
0x00007ff8a6210000 - 0x00007ff8a6234000 	C:\Windows\SYSTEM32\WINMM.dll
0x00007ff89d4e0000 - 0x00007ff89d4ea000 	C:\Windows\SYSTEM32\VERSION.dll
0x00007ff8aa7e0000 - 0x00007ff8aa84d000 	C:\Windows\System32\WS2_32.dll
0x00007ff8a6010000 - 0x00007ff8a603d000 	C:\Windows\SYSTEM32\WINMMBASE.dll
0x00007ff8a8720000 - 0x00007ff8a876a000 	C:\Windows\System32\cfgmgr32.dll
0x00007ff89ee60000 - 0x00007ff89ee6f000 	D:\Android\jre\jre\bin\verify.dll
0x00007ff898f60000 - 0x00007ff898f89000 	D:\Android\jre\jre\bin\java.dll
0x00007ff898f40000 - 0x00007ff898f56000 	D:\Android\jre\jre\bin\zip.dll
0x00007ff8ab0e0000 - 0x00007ff8ac5d8000 	C:\Windows\System32\SHELL32.dll
0x00007ff8aabf0000 - 0x00007ff8aac98000 	C:\Windows\System32\shcore.dll
0x00007ff8a90e0000 - 0x00007ff8a982f000 	C:\Windows\System32\windows.storage.dll
0x00007ff8a8620000 - 0x00007ff8a8644000 	C:\Windows\System32\profapi.dll
0x00007ff8a8670000 - 0x00007ff8a86cd000 	C:\Windows\System32\powrprof.dll
0x00007ff8aa2e0000 - 0x00007ff8aa332000 	C:\Windows\System32\shlwapi.dll
0x00007ff8a8600000 - 0x00007ff8a8611000 	C:\Windows\System32\kernel.appcore.dll
0x00007ff8a90c0000 - 0x00007ff8a90d7000 	C:\Windows\System32\cryptsp.dll
0x00007ff898f20000 - 0x00007ff898f3a000 	D:\Android\jre\jre\bin\net.dll
0x00007ff8a7e60000 - 0x00007ff8a7ec7000 	C:\Windows\system32\mswsock.dll
0x00007ff898f00000 - 0x00007ff898f13000 	D:\Android\jre\jre\bin\nio.dll
0x00007ff8983d0000 - 0x00007ff8983f6000 	D:\device\.gradle\native\29\windows-amd64\native-platform.dll
0x00007ff89dd80000 - 0x00007ff89dd8d000 	D:\Android\jre\jre\bin\management.dll
0x00007ff8a79e0000 - 0x00007ff8a7a13000 	C:\Windows\system32\rsaenh.dll
0x00007ff8a86f0000 - 0x00007ff8a8716000 	C:\Windows\System32\bcrypt.dll
0x00007ff8a84f0000 - 0x00007ff8a8518000 	C:\Windows\SYSTEM32\USERENV.dll
0x00007ff8a8030000 - 0x00007ff8a803c000 	C:\Windows\SYSTEM32\CRYPTBASE.dll
0x00007ff8a7b80000 - 0x00007ff8a7bbd000 	C:\Windows\SYSTEM32\IPHLPAPI.DLL
0x00007ff8aae70000 - 0x00007ff8aae78000 	C:\Windows\System32\NSI.dll
0x00007ff89f1c0000 - 0x00007ff89f1d6000 	C:\Windows\SYSTEM32\dhcpcsvc6.DLL
0x00007ff89f1a0000 - 0x00007ff89f1bc000 	C:\Windows\SYSTEM32\dhcpcsvc.DLL
0x00007ff8a7bc0000 - 0x00007ff8a7c87000 	C:\Windows\SYSTEM32\DNSAPI.dll

VM Arguments:
jvm_args: -Xmx1536m -Dfile.encoding=x-windows-949 -Duser.country=KR -Duser.language=ko -Duser.variant 
java_command: org.gradle.launcher.daemon.bootstrap.GradleDaemon 5.4.1
java_class_path (initial): D:\device\.gradle\wrapper\dists\gradle-5.4.1-all\3221gyojl5jsh0helicew7rwx\gradle-5.4.1\lib\gradle-launcher-5.4.1.jar
Launcher Type: SUN_STANDARD

Environment Variables:
JAVA_HOME=C:\Program Files\Java\jdk1.8.0_211\bin
CLASSPATH=%classpath%;.;.;.
PATH=C:\Windows\system32;C:\Program Files\Java\jdk1.8.0_211\bin;C:\Users\USER\AppData\Local\GitHubDesktop\app-2.5.0\resources\app\git\cmd;C:\Program Files\nodejs\;D:\ASK\android-sdk-windows-1.6_r1\emulator;D:\ASK\android-sdk-windows-1.6_r1\platform-tools;D:\ASK\android-sdk-windows-1.6_r1\tools;D:\ASK\android-sdk-windows-1.6_r1;C:\Users\USER\AppData\Local\Microsoft\WindowsApps;C:\Users\USER\AppData\Local\GitHubDesktop\bin;D:\Vs code\Microsoft VS Code\bin;C:\Program Files\Java\jdk1.8.0_211\bin\bin;C:\xampp\php;C:\Users\USER\composer;C:\Users\USER\AppData\Roaming\Composer\vendor\bin;C:\Program Files\heroku\bin;C:\Users\USER\AppData\Roaming\npm
USERNAME=USER
OS=Windows_NT
PROCESSOR_IDENTIFIER=Intel64 Family 6 Model 158 Stepping 10, GenuineIntel



---------------  S Y S T E M  ---------------

OS: Windows 10.0 , 64 bit Build 17763 (10.0.17763.1158)

CPU:total 8 (initial active 8) (4 cores per cpu, 2 threads per core) family 6 model 158 stepping 10, cmov, cx8, fxsr, mmx, sse, sse2, sse3, ssse3, sse4.1, sse4.2, popcnt, avx, avx2, aes, clmul, erms, 3dnowpref, lzcnt, ht, tsc, tscinvbit, bmi1, bmi2, adx

Memory: 4k page, physical 16615732k(5583064k free), swap 16615732k(5340k free)

vm_info: OpenJDK 64-Bit Server VM (25.242-b01) for windows-amd64 JRE (1.8.0_242-release-1644-b01), built by "builder" with MS VC++ 10.0 (VS2010)

time: Mon Jun 15 15:19:17 2020
timezone: 대한민국 표준시
elapsed time: 7 seconds (0d 0h 0m 7s)

