#
# There is insufficient memory for the Java Runtime Environment to continue.
# Native memory allocation (malloc) failed to allocate 32744 bytes for ChunkPool::allocate
# Possible reasons:
#   The system is out of physical RAM or swap space
#   The process is running with CompressedOops enabled, and the Java Heap may be blocking the growth of the native heap
# Possible solutions:
#   Reduce memory load on the system
#   Increase physical memory or swap space
#   Check if swap backing store is full
#   Decrease Java heap size (-Xmx/-Xms)
#   Decrease number of Java threads
#   Decrease Java thread stack sizes (-Xss)
#   Set larger code cache with -XX:ReservedCodeCacheSize=
#   JVM is running with Unscaled Compressed Oops mode in which the Java heap is
#     placed in the first 4GB address space. The Java Heap base address is the
#     maximum limit for the native heap growth. Please use -XX:HeapBaseMinAddress
#     to set the Java Heap base and to place the Java Heap above 4GB virtual address.
# This output file may be truncated or incomplete.
#
#  Out of Memory Error (allocation.cpp:272), pid=7072, tid=0x000000000000056c
#
# JRE version: OpenJDK Runtime Environment (8.0_242-b01) (build 1.8.0_242-release-1644-b01)
# Java VM: OpenJDK 64-Bit Server VM (25.242-b01 mixed mode windows-amd64 compressed oops)
# Failed to write core dump. Minidumps are not enabled by default on client versions of Windows
#

---------------  T H R E A D  ---------------

Current thread (0x00000000184ab800):  JavaThread "C2 CompilerThread0" daemon [_thread_in_native, id=1388, stack(0x0000000018c20000,0x0000000018d20000)]

Stack: [0x0000000018c20000,0x0000000018d20000]
[error occurred during error reporting (printing stack bounds), id 0xc0000005]

Native frames: (J=compiled Java code, j=interpreted, Vv=VM code, C=native code)


Current CompileTask:
C2:   3758 1456       4       java.net.URLClassLoader$1::run (5 bytes)


---------------  P R O C E S S  ---------------

Java Threads: ( => current thread )
  0x00000000184ca000 JavaThread "Cache worker for file hash cache (D:\Github\Memo\.gradle\5.4.1\fileHashes)" [_thread_blocked, id=3260, stack(0x000000001de90000,0x000000001df90000)]
  0x00000000184cd000 JavaThread "Cache worker for journal cache (D:\device\.gradle\caches\journal-1)" [_thread_blocked, id=13816, stack(0x000000001cdc0000,0x000000001cec0000)]
  0x00000000184ca800 JavaThread "File lock request listener" [_thread_in_native, id=16764, stack(0x000000001ccc0000,0x000000001cdc0000)]
  0x000000001a422800 JavaThread "Cache worker for file hash cache (D:\device\.gradle\caches\5.4.1\fileHashes)" [_thread_blocked, id=4640, stack(0x000000001c9c0000,0x000000001cac0000)]
  0x000000001a1d8000 JavaThread "Thread-9" [_thread_blocked, id=6232, stack(0x000000001b8f0000,0x000000001b9f0000)]
  0x000000001a1ce000 JavaThread "Stdin handler" [_thread_blocked, id=14752, stack(0x000000001b7f0000,0x000000001b8f0000)]
  0x000000001a1cd800 JavaThread "Asynchronous log dispatcher for DefaultDaemonConnection: socket connection from /127.0.0.1:60267 to /127.0.0.1:60268" [_thread_blocked, id=17636, stack(0x000000001b5f0000,0x000000001b6f0000)]
  0x000000001a1db000 JavaThread "Daemon worker" [_thread_in_vm, id=328, stack(0x000000001b4f0000,0x000000001b5f0000)]
  0x000000001a1d9800 JavaThread "Cancel handler" [_thread_blocked, id=13640, stack(0x000000001b3f0000,0x000000001b4f0000)]
  0x000000001a69c800 JavaThread "Handler for socket connection from /127.0.0.1:60267 to /127.0.0.1:60268" [_thread_in_native, id=14732, stack(0x000000001b0f0000,0x000000001b1f0000)]
  0x000000001a695000 JavaThread "Daemon" [_thread_blocked, id=15088, stack(0x000000001aff0000,0x000000001b0f0000)]
  0x000000001a805800 JavaThread "Daemon periodic checks" [_thread_blocked, id=16752, stack(0x000000001aef0000,0x000000001aff0000)]
  0x000000001a803800 JavaThread "Incoming local TCP Connector on port 60267" [_thread_in_native, id=9576, stack(0x000000001ad10000,0x000000001ae10000)]
  0x000000001a52a800 JavaThread "Daemon health stats" [_thread_blocked, id=12348, stack(0x000000001a9f0000,0x000000001aaf0000)]
  0x0000000018558000 JavaThread "Service Thread" daemon [_thread_blocked, id=12496, stack(0x0000000019020000,0x0000000019120000)]
  0x00000000184cf000 JavaThread "C1 CompilerThread3" daemon [_thread_blocked, id=17512, stack(0x0000000018f20000,0x0000000019020000)]
  0x00000000184b8800 JavaThread "C2 CompilerThread2" daemon [_thread_blocked, id=11572, stack(0x0000000018e20000,0x0000000018f20000)]
  0x00000000184b1800 JavaThread "C2 CompilerThread1" daemon [_thread_in_native, id=15220, stack(0x0000000018d20000,0x0000000018e20000)]
=>0x00000000184ab800 JavaThread "C2 CompilerThread0" daemon [_thread_in_native, id=1388, stack(0x0000000018c20000,0x0000000018d20000)]
  0x00000000184aa000 JavaThread "Attach Listener" daemon [_thread_blocked, id=14940, stack(0x0000000018b20000,0x0000000018c20000)]
  0x00000000184a9000 JavaThread "Signal Dispatcher" daemon [_thread_blocked, id=2904, stack(0x0000000018a20000,0x0000000018b20000)]
  0x0000000018440800 JavaThread "Finalizer" daemon [_thread_blocked, id=15264, stack(0x0000000018920000,0x0000000018a20000)]
  0x0000000002868800 JavaThread "Reference Handler" daemon [_thread_blocked, id=7652, stack(0x0000000018820000,0x0000000018920000)]
  0x0000000002772800 JavaThread "main" [_thread_blocked, id=7088, stack(0x0000000002670000,0x0000000002770000)]

Other Threads:
  0x0000000016627800 VMThread [stack: 0x0000000018320000,0x0000000018420000] [id=7872]
  0x0000000018559800 WatcherThread [stack: 0x0000000019120000,0x0000000019220000] [id=1912]

VM state:not at safepoint (normal execution)

VM Mutex/Monitor currently owned by a thread: None

heap address: 0x00000000a0000000, size: 1536 MB, Compressed Oops mode: 32-bit
Narrow klass base: 0x0000000000000000, Narrow klass shift: 3
Compressed class space size: 1073741824 Address: 0x0000000100000000

Heap:
 PSYoungGen      total 75776K, used 36981K [0x00000000e0000000, 0x00000000e5480000, 0x0000000100000000)
  eden space 65024K, 41% used [0x00000000e0000000,0x00000000e1a10f60,0x00000000e3f80000)
  from space 10752K, 95% used [0x00000000e4a00000,0x00000000e540c4a8,0x00000000e5480000)
  to   space 10752K, 0% used [0x00000000e3f80000,0x00000000e3f80000,0x00000000e4a00000)
 ParOldGen       total 173568K, used 24K [0x00000000a0000000, 0x00000000aa980000, 0x00000000e0000000)
  object space 173568K, 0% used [0x00000000a0000000,0x00000000a0006000,0x00000000aa980000)
 Metaspace       used 17611K, capacity 18080K, committed 18304K, reserved 1064960K
  class space    used 2545K, capacity 2686K, committed 2688K, reserved 1048576K

Card table byte_map: [0x0000000011c30000,0x0000000011f40000] byte_map_base: 0x0000000011730000

Marking Bits: (ParMarkBitMap*) 0x000000006421f030
 Begin Bits: [0x0000000012940000, 0x0000000014140000)
 End Bits:   [0x0000000014140000, 0x0000000015940000)

Polling page: 0x00000000006e0000

CodeCache: size=245760Kb used=5559Kb max_used=5559Kb free=240201Kb
 bounds [0x0000000002870000, 0x0000000002de0000, 0x0000000011870000]
 total_blobs=1998 nmethods=1594 adapters=317
 compilation: enabled

Compilation events (10 events):
Event: 3.746 Thread 0x00000000184cf000 1593       3       java.util.Arrays::asList (9 bytes)
Event: 3.747 Thread 0x00000000184cf000 nmethod 1593 0x0000000002dd8a90 code [0x0000000002dd8c20, 0x0000000002dd9088]
Event: 3.747 Thread 0x00000000184cf000 1594       3       java.util.Arrays$ArrayList::<init> (16 bytes)
Event: 3.747 Thread 0x00000000184cf000 nmethod 1594 0x0000000002dde010 code [0x0000000002dde1a0, 0x0000000002dde588]
Event: 3.747 Thread 0x00000000184cf000 1595       3       java.lang.invoke.MemberName$Factory::resolveOrFail (52 bytes)
Event: 3.747 Thread 0x00000000184cf000 nmethod 1595 0x0000000002dde750 code [0x0000000002dde920, 0x0000000002ddf1f8]
Event: 3.755 Thread 0x00000000184cf000 1596       3       java.util.concurrent.locks.AbstractQueuedSynchronizer::<init> (5 bytes)
Event: 3.755 Thread 0x00000000184cf000 nmethod 1596 0x0000000002ddf510 code [0x0000000002ddf680, 0x0000000002ddf890]
Event: 3.755 Thread 0x00000000184cf000 1597       3       java.util.concurrent.locks.AbstractOwnableSynchronizer::<init> (5 bytes)
Event: 3.755 Thread 0x00000000184cf000 nmethod 1597 0x0000000002dd86d0 code [0x0000000002dd8820, 0x0000000002dd89d0]

GC Heap History (4 events):
Event: 0.701 GC heap before
{Heap before GC invocations=1 (full 0):
 PSYoungGen      total 75776K, used 65024K [0x00000000e0000000, 0x00000000e5480000, 0x0000000100000000)
  eden space 65024K, 100% used [0x00000000e0000000,0x00000000e3f80000,0x00000000e3f80000)
  from space 10752K, 0% used [0x00000000e4a00000,0x00000000e4a00000,0x00000000e5480000)
  to   space 10752K, 0% used [0x00000000e3f80000,0x00000000e3f80000,0x00000000e4a00000)
 ParOldGen       total 173568K, used 0K [0x00000000a0000000, 0x00000000aa980000, 0x00000000e0000000)
  object space 173568K, 0% used [0x00000000a0000000,0x00000000a0000000,0x00000000aa980000)
 Metaspace       used 8367K, capacity 8694K, committed 8832K, reserved 1056768K
  class space    used 1051K, capacity 1113K, committed 1152K, reserved 1048576K
Event: 0.707 GC heap after
Heap after GC invocations=1 (full 0):
 PSYoungGen      total 75776K, used 6801K [0x00000000e0000000, 0x00000000e5480000, 0x0000000100000000)
  eden space 65024K, 0% used [0x00000000e0000000,0x00000000e0000000,0x00000000e3f80000)
  from space 10752K, 63% used [0x00000000e3f80000,0x00000000e4624470,0x00000000e4a00000)
  to   space 10752K, 0% used [0x00000000e4a00000,0x00000000e4a00000,0x00000000e5480000)
 ParOldGen       total 173568K, used 16K [0x00000000a0000000, 0x00000000aa980000, 0x00000000e0000000)
  object space 173568K, 0% used [0x00000000a0000000,0x00000000a0004000,0x00000000aa980000)
 Metaspace       used 8367K, capacity 8694K, committed 8832K, reserved 1056768K
  class space    used 1051K, capacity 1113K, committed 1152K, reserved 1048576K
}
Event: 3.572 GC heap before
{Heap before GC invocations=2 (full 0):
 PSYoungGen      total 75776K, used 71825K [0x00000000e0000000, 0x00000000e5480000, 0x0000000100000000)
  eden space 65024K, 100% used [0x00000000e0000000,0x00000000e3f80000,0x00000000e3f80000)
  from space 10752K, 63% used [0x00000000e3f80000,0x00000000e4624470,0x00000000e4a00000)
  to   space 10752K, 0% used [0x00000000e4a00000,0x00000000e4a00000,0x00000000e5480000)
 ParOldGen       total 173568K, used 16K [0x00000000a0000000, 0x00000000aa980000, 0x00000000e0000000)
  object space 173568K, 0% used [0x00000000a0000000,0x00000000a0004000,0x00000000aa980000)
 Metaspace       used 15431K, capacity 15902K, committed 16256K, reserved 1062912K
  class space    used 2181K, capacity 2365K, committed 2432K, reserved 1048576K
Event: 3.579 GC heap after
Heap after GC invocations=2 (full 0):
 PSYoungGen      total 75776K, used 10289K [0x00000000e0000000, 0x00000000e5480000, 0x0000000100000000)
  eden space 65024K, 0% used [0x00000000e0000000,0x00000000e0000000,0x00000000e3f80000)
  from space 10752K, 95% used [0x00000000e4a00000,0x00000000e540c4a8,0x00000000e5480000)
  to   space 10752K, 0% used [0x00000000e3f80000,0x00000000e3f80000,0x00000000e4a00000)
 ParOldGen       total 173568K, used 24K [0x00000000a0000000, 0x00000000aa980000, 0x00000000e0000000)
  object space 173568K, 0% used [0x00000000a0000000,0x00000000a0006000,0x00000000aa980000)
 Metaspace       used 15431K, capacity 15902K, committed 16256K, reserved 1062912K
  class space    used 2181K, capacity 2365K, committed 2432K, reserved 1048576K
}

Deoptimization events (10 events):
Event: 3.358 Thread 0x000000001a1db000 Uncommon trap: reason=bimorphic action=maybe_recompile pc=0x0000000002b207d0 method=java.util.HashMap.putVal(ILjava/lang/Object;Ljava/lang/Object;ZZ)Ljava/lang/Object; @ 253
Event: 3.358 Thread 0x000000001a1db000 Uncommon trap: reason=bimorphic action=maybe_recompile pc=0x0000000002b207d0 method=java.util.HashMap.putVal(ILjava/lang/Object;Ljava/lang/Object;ZZ)Ljava/lang/Object; @ 253
Event: 3.358 Thread 0x000000001a1db000 Uncommon trap: reason=bimorphic action=maybe_recompile pc=0x0000000002b207d0 method=java.util.HashMap.putVal(ILjava/lang/Object;Ljava/lang/Object;ZZ)Ljava/lang/Object; @ 253
Event: 3.358 Thread 0x000000001a1db000 Uncommon trap: reason=bimorphic action=maybe_recompile pc=0x0000000002b207d0 method=java.util.HashMap.putVal(ILjava/lang/Object;Ljava/lang/Object;ZZ)Ljava/lang/Object; @ 253
Event: 3.358 Thread 0x000000001a1db000 Uncommon trap: reason=bimorphic action=maybe_recompile pc=0x0000000002b0f474 method=java.util.HashMap.putVal(ILjava/lang/Object;Ljava/lang/Object;ZZ)Ljava/lang/Object; @ 253
Event: 3.447 Thread 0x000000001a1db000 Uncommon trap: reason=class_check action=maybe_recompile pc=0x0000000002b43998 method=java.util.regex.Matcher.match(II)Z @ 86
Event: 3.454 Thread 0x000000001a1db000 Uncommon trap: reason=class_check action=maybe_recompile pc=0x0000000002b43998 method=java.util.regex.Matcher.match(II)Z @ 86
Event: 3.454 Thread 0x000000001a1db000 Uncommon trap: reason=class_check action=maybe_recompile pc=0x0000000002b43998 method=java.util.regex.Matcher.match(II)Z @ 86
Event: 3.454 Thread 0x000000001a1db000 Uncommon trap: reason=class_check action=maybe_recompile pc=0x0000000002af8e1c method=java.util.regex.Matcher.match(II)Z @ 86
Event: 3.558 Thread 0x000000001a1db000 Uncommon trap: reason=unstable_if action=reinterpret pc=0x0000000002c29ab4 method=java.lang.String.lastIndexOf([CII[CIII)I @ 66

Classes redefined (0 events):
No events

Internal exceptions (10 events):
Event: 3.328 Thread 0x000000001a69c800 Exception <a 'java/lang/NoSuchMethodError': <clinit>> (0x00000000e1072b78) thrown at [C:\src\AOSP-openjdk-git\hotspot\src\share\vm\prims\jni.cpp, line 1615]
Event: 3.328 Thread 0x000000001a69c800 Exception <a 'java/lang/NoSuchMethodError': <clinit>> (0x00000000e1087498) thrown at [C:\src\AOSP-openjdk-git\hotspot\src\share\vm\prims\jni.cpp, line 1615]
Event: 3.330 Thread 0x000000001a69c800 Exception <a 'java/lang/NoSuchMethodError': <clinit>> (0x00000000e1099d18) thrown at [C:\src\AOSP-openjdk-git\hotspot\src\share\vm\prims\jni.cpp, line 1615]
Event: 3.332 Thread 0x000000001a69c800 Exception <a 'java/lang/NoSuchMethodError': <clinit>> (0x00000000e10c0868) thrown at [C:\src\AOSP-openjdk-git\hotspot\src\share\vm\prims\jni.cpp, line 1615]
Event: 3.333 Thread 0x000000001a69c800 Exception <a 'java/lang/NoSuchMethodError': <clinit>> (0x00000000e10d8270) thrown at [C:\src\AOSP-openjdk-git\hotspot\src\share\vm\prims\jni.cpp, line 1615]
Event: 3.333 Thread 0x000000001a69c800 Exception <a 'java/lang/NoSuchMethodError': <clinit>> (0x00000000e10e0e10) thrown at [C:\src\AOSP-openjdk-git\hotspot\src\share\vm\prims\jni.cpp, line 1615]
Event: 3.334 Thread 0x000000001a69c800 Exception <a 'java/lang/NoSuchMethodError': <clinit>> (0x00000000e10f7020) thrown at [C:\src\AOSP-openjdk-git\hotspot\src\share\vm\prims\jni.cpp, line 1615]
Event: 3.339 Thread 0x000000001a69c800 Exception <a 'java/lang/NoSuchMethodError': <clinit>> (0x00000000e115a530) thrown at [C:\src\AOSP-openjdk-git\hotspot\src\share\vm\prims\jni.cpp, line 1615]
Event: 3.341 Thread 0x000000001a69c800 Exception <a 'java/lang/NoSuchMethodError': <clinit>> (0x00000000e11861b0) thrown at [C:\src\AOSP-openjdk-git\hotspot\src\share\vm\prims\jni.cpp, line 1615]
Event: 3.343 Thread 0x000000001a69c800 Exception <a 'java/lang/NoSuchMethodError': <clinit>> (0x00000000e11a2bb0) thrown at [C:\src\AOSP-openjdk-git\hotspot\src\share\vm\prims\jni.cpp, line 1615]

Events (10 events):
Event: 3.756 loading class org/gradle/internal/scan/config/UnsupportedBuildScanPluginVersionException
Event: 3.756 loading class org/gradle/internal/scan/config/UnsupportedBuildScanPluginVersionException done
Event: 3.756 loading class org/gradle/internal/scan/config/BuildScanConfigServices$1
Event: 3.756 loading class org/gradle/internal/scan/config/BuildScanConfigServices$1 done
Event: 3.757 loading class org/gradle/internal/scan/config/BuildScanConfigManager$Requestedness
Event: 3.757 loading class org/gradle/internal/scan/config/BuildScanConfigManager$Requestedness done
Event: 3.757 loading class org/gradle/internal/scan/config/BuildScanConfig
Event: 3.757 loading class org/gradle/internal/scan/config/BuildScanConfig done
Event: 3.757 loading class org/gradle/initialization/DefaultGradleLauncher
Event: 3.757 loading class org/gradle/initialization/DefaultGradleLauncher done


Dynamic libraries:
0x00007ff7a12c0000 - 0x00007ff7a12f1000 	D:\Android\jre\bin\java.exe
0x00007fff44fb0000 - 0x00007fff4519d000 	C:\Windows\SYSTEM32\ntdll.dll
0x00007fff44140000 - 0x00007fff441f3000 	C:\Windows\System32\KERNEL32.DLL
0x00007fff417c0000 - 0x00007fff41a55000 	C:\Windows\System32\KERNELBASE.dll
0x00007fff446f0000 - 0x00007fff44793000 	C:\Windows\System32\ADVAPI32.dll
0x00007fff44040000 - 0x00007fff440de000 	C:\Windows\System32\msvcrt.dll
0x00007fff44200000 - 0x00007fff4429e000 	C:\Windows\System32\sechost.dll
0x00007fff44820000 - 0x00007fff44942000 	C:\Windows\System32\RPCRT4.dll
0x00007fff42350000 - 0x00007fff424e7000 	C:\Windows\System32\USER32.dll
0x00007fff41f80000 - 0x00007fff41fa0000 	C:\Windows\System32\win32u.dll
0x00007fff44390000 - 0x00007fff443b9000 	C:\Windows\System32\GDI32.dll
0x00007fff41d30000 - 0x00007fff41eca000 	C:\Windows\System32\gdi32full.dll
0x00007fff42100000 - 0x00007fff421a0000 	C:\Windows\System32\msvcp_win.dll
0x00007fff41fa0000 - 0x00007fff4209a000 	C:\Windows\System32\ucrtbase.dll
0x00007fff31360000 - 0x00007fff315d9000 	C:\Windows\WinSxS\amd64_microsoft.windows.common-controls_6595b64144ccf1df_6.0.17763.1282_none_de75b6f253473c0f\COMCTL32.dll
0x00007fff443c0000 - 0x00007fff446ec000 	C:\Windows\System32\combase.dll
0x00007fff41c40000 - 0x00007fff41cbe000 	C:\Windows\System32\bcryptPrimitives.dll
0x00007fff44360000 - 0x00007fff4438e000 	C:\Windows\System32\IMM32.DLL
0x00000000642a0000 - 0x0000000064372000 	D:\Android\jre\jre\bin\msvcr100.dll
0x0000000063a50000 - 0x000000006429b000 	D:\Android\jre\jre\bin\server\jvm.dll
0x00007fff42340000 - 0x00007fff42348000 	C:\Windows\System32\PSAPI.DLL
0x00007fff3d940000 - 0x00007fff3d949000 	C:\Windows\SYSTEM32\WSOCK32.dll
0x00007fff3f1b0000 - 0x00007fff3f1d4000 	C:\Windows\SYSTEM32\WINMM.dll
0x00007fff36690000 - 0x00007fff3669a000 	C:\Windows\SYSTEM32\VERSION.dll
0x00007fff449c0000 - 0x00007fff44a2d000 	C:\Windows\System32\WS2_32.dll
0x00007fff3f010000 - 0x00007fff3f03d000 	C:\Windows\SYSTEM32\WINMMBASE.dll
0x00007fff41ce0000 - 0x00007fff41d2a000 	C:\Windows\System32\cfgmgr32.dll
0x00007fff3d5c0000 - 0x00007fff3d5cf000 	D:\Android\jre\jre\bin\verify.dll
0x00007fff2c900000 - 0x00007fff2c929000 	D:\Android\jre\jre\bin\java.dll
0x00007fff39c70000 - 0x00007fff39c86000 	D:\Android\jre\jre\bin\zip.dll
0x00007fff424f0000 - 0x00007fff439e8000 	C:\Windows\System32\SHELL32.dll
0x00007fff42290000 - 0x00007fff42338000 	C:\Windows\System32\shcore.dll
0x00007fff41070000 - 0x00007fff417bf000 	C:\Windows\System32\windows.storage.dll
0x00007fff41020000 - 0x00007fff41044000 	C:\Windows\System32\profapi.dll
0x00007fff40fc0000 - 0x00007fff4101d000 	C:\Windows\System32\powrprof.dll
0x00007fff44960000 - 0x00007fff449b2000 	C:\Windows\System32\shlwapi.dll
0x00007fff40fa0000 - 0x00007fff40fb1000 	C:\Windows\System32\kernel.appcore.dll
0x00007fff41cc0000 - 0x00007fff41cd7000 	C:\Windows\System32\cryptsp.dll
0x00007fff37190000 - 0x00007fff371aa000 	D:\Android\jre\jre\bin\net.dll
0x00007fff40800000 - 0x00007fff40867000 	C:\Windows\system32\mswsock.dll
0x00007fff2c750000 - 0x00007fff2c763000 	D:\Android\jre\jre\bin\nio.dll
0x00007fff22470000 - 0x00007fff22496000 	D:\device\.gradle\native\29\windows-amd64\native-platform.dll
0x00007fff3d3c0000 - 0x00007fff3d3cd000 	D:\Android\jre\jre\bin\management.dll
0x00007fff40380000 - 0x00007fff403b3000 	C:\Windows\system32\rsaenh.dll
0x00007fff421a0000 - 0x00007fff421c6000 	C:\Windows\System32\bcrypt.dll
0x00007fff40ed0000 - 0x00007fff40ef8000 	C:\Windows\SYSTEM32\USERENV.dll
0x00007fff409d0000 - 0x00007fff409dc000 	C:\Windows\SYSTEM32\CRYPTBASE.dll
0x00007fff40520000 - 0x00007fff4055d000 	C:\Windows\SYSTEM32\IPHLPAPI.DLL
0x00007fff44950000 - 0x00007fff44958000 	C:\Windows\System32\NSI.dll
0x00007fff3a640000 - 0x00007fff3a656000 	C:\Windows\SYSTEM32\dhcpcsvc6.DLL
0x00007fff3a620000 - 0x00007fff3a63c000 	C:\Windows\SYSTEM32\dhcpcsvc.DLL
0x00007fff40560000 - 0x00007fff40627000 	C:\Windows\SYSTEM32\DNSAPI.dll

VM Arguments:
jvm_args: -Xmx1536m -Dfile.encoding=x-windows-949 -Duser.country=KR -Duser.language=ko -Duser.variant 
java_command: org.gradle.launcher.daemon.bootstrap.GradleDaemon 5.4.1
java_class_path (initial): D:\device\.gradle\wrapper\dists\gradle-5.4.1-all\3221gyojl5jsh0helicew7rwx\gradle-5.4.1\lib\gradle-launcher-5.4.1.jar
Launcher Type: SUN_STANDARD

Environment Variables:
JAVA_HOME=C:\Program Files\Java\jdk1.8.0_211\bin
CLASSPATH=%classpath%;.;.;.
PATH=C:\Windows\system32;C:\Program Files\Java\jdk1.8.0_211\bin;C:\Users\USER\AppData\Local\GitHubDesktop\app-2.5.0\resources\app\git\cmd;C:\Program Files\nodejs\;D:\ASK\android-sdk-windows-1.6_r1\emulator;D:\ASK\android-sdk-windows-1.6_r1\platform-tools;D:\ASK\android-sdk-windows-1.6_r1\tools;D:\ASK\android-sdk-windows-1.6_r1;C:\Users\USER\AppData\Local\Microsoft\WindowsApps;C:\Users\USER\AppData\Local\GitHubDesktop\bin;D:\Vs code\Microsoft VS Code\bin;C:\Program Files\Java\jdk1.8.0_211\bin\bin;C:\xampp\php;C:\Users\USER\composer;C:\Users\USER\AppData\Roaming\Composer\vendor\bin;C:\Program Files\heroku\bin;C:\Users\USER\AppData\Roaming\npm
USERNAME=USER
OS=Windows_NT
PROCESSOR_IDENTIFIER=Intel64 Family 6 Model 158 Stepping 10, GenuineIntel



---------------  S Y S T E M  ---------------

OS: Windows 10.0 , 64 bit Build 17763 (10.0.17763.1158)

CPU:total 8 (initial active 8) (4 cores per cpu, 2 threads per core) family 6 model 158 stepping 10, cmov, cx8, fxsr, mmx, sse, sse2, sse3, ssse3, sse4.1, sse4.2, popcnt, avx, avx2, aes, clmul, erms, 3dnowpref, lzcnt, ht, tsc, tscinvbit, bmi1, bmi2, adx

Memory: 4k page, physical 16615732k(6093300k free), swap 16615732k(5132k free)

vm_info: OpenJDK 64-Bit Server VM (25.242-b01) for windows-amd64 JRE (1.8.0_242-release-1644-b01), built by "builder" with MS VC++ 10.0 (VS2010)

time: Tue Jun 16 20:15:11 2020
timezone: 대한민국 표준시
elapsed time: 3 seconds (0d 0h 0m 3s)

