JvmtiExport can_access_local_variables 0
JvmtiExport can_hotswap_or_post_breakpoint 0
JvmtiExport can_post_on_exceptions 0
# 797 ciObject found
ciMethod java/lang/Object <init> ()V 4097 1 6324566 0 0
ciMethod java/lang/Object getClass ()Ljava/lang/Class; 2049 1 256 0 -1
ciMethod java/lang/Object hashCode ()I 2049 1 256 0 -1
ciMethod java/lang/Object equals (Ljava/lang/Object;)Z 3713 1 84771 0 64
ciMethod java/lang/String <init> ([CII)V 1849 1 5380 0 -1
ciMethod java/lang/String length ()I 4097 1 1203016 0 -1
ciMethod java/lang/String isEmpty ()Z 2081 1 84765 0 -1
ciMethod java/lang/String charAt (I)C 4097 1 3899011 0 -1
ciMethod java/lang/String equals (Ljava/lang/Object;)Z 2169 8897 8119 0 -1
ciMethod java/lang/String startsWith (Ljava/lang/String;)Z 2121 1 240387 0 -1
ciMethod java/lang/String format (Ljava/lang/String;[Ljava/lang/Object;)Ljava/lang/String; 17 1 2451 0 -1
ciMethod java/lang/Class isInstance (Ljava/lang/Object;)Z 3073 1 384 0 -1
ciMethod java/lang/Class cast (Ljava/lang/Object;)Ljava/lang/Object; 2081 1 90424 0 192
ciMethod java/lang/System arraycopy (Ljava/lang/Object;ILjava/lang/Object;II)V 6145 1 768 0 -1
ciMethod java/lang/System identityHashCode (Ljava/lang/Object;)I 2049 1 256 0 -1
ciMethod java/lang/ref/SoftReference <init> (Ljava/lang/Object;)V 2009 1 15966 0 -1
ciMethod java/lang/Thread currentThread ()Ljava/lang/Thread; 2049 1 256 0 -1
ciMethod java/lang/Thread getName ()Ljava/lang/String; 1049 1 131 0 0
ciMethod java/lang/Thread getId ()J 3073 1 10022 0 0
ciMethod java/util/Map isEmpty ()Z 0 0 1 0 -1
ciMethod java/util/Map get (Ljava/lang/Object;)Ljava/lang/Object; 0 0 1 0 -1
ciMethod java/util/Map put (Ljava/lang/Object;Ljava/lang/Object;)Ljava/lang/Object; 0 0 1 0 -1
ciMethod java/util/Map values ()Ljava/util/Collection; 0 0 1 0 -1
ciMethod java/lang/AbstractStringBuilder <init> (I)V 1009 1 345728 0 256
ciMethod java/lang/AbstractStringBuilder ensureCapacityInternal (I)V 4097 1 938250 0 -1
ciMethod java/lang/AbstractStringBuilder append (Ljava/lang/String;)Ljava/lang/AbstractStringBuilder; 1785 1 5650 0 -1
ciMethod java/lang/AbstractStringBuilder append (I)Ljava/lang/AbstractStringBuilder; 1 1 53693 0 3264
ciMethod java/lang/StringBuilder <init> ()V 793 1 267682 0 192
ciMethod java/lang/StringBuilder append (Ljava/lang/String;)Ljava/lang/StringBuilder; 1497 1 723636 0 1024
ciMethod java/lang/StringBuilder append (I)Ljava/lang/StringBuilder; 1 1 84246 0 64
ciMethod java/lang/StringBuilder toString ()Ljava/lang/String; 785 1 307877 0 832
ciMethod sun/misc/Unsafe compareAndSwapInt (Ljava/lang/Object;JII)Z 2049 1 256 0 -1
ciMethod java/lang/Boolean booleanValue ()Z 1129 1 141 0 -1
ciMethod java/lang/Boolean valueOf (Z)Ljava/lang/Boolean; 873 1 131419 0 -1
ciMethod java/lang/Number <init> ()V 3281 1 123220 0 32
ciMethod java/lang/Integer getChars (II[C)V 2121 745 30328 0 -1
ciMethod java/lang/Integer stringSize (I)I 2121 793 58636 0 -1
ciMethod java/lang/Integer valueOf (I)Ljava/lang/Integer; 3161 1 226119 0 192
ciMethod java/lang/Integer <init> (I)V 2393 1 106272 0 -1
ciMethod java/lang/Long valueOf (J)Ljava/lang/Long; 3105 1 6557 0 192
ciMethod java/lang/Long <init> (J)V 2049 1 3019 0 0
ciMethod java/lang/Iterable iterator ()Ljava/util/Iterator; 0 0 1 0 -1
ciMethod java/util/Collection iterator ()Ljava/util/Iterator; 0 0 1 0 -1
ciMethod java/util/Collection add (Ljava/lang/Object;)Z 0 0 1 0 -1
ciMethod java/util/List size ()I 0 0 1 0 -1
ciMethod java/util/List isEmpty ()Z 0 0 1 0 -1
ciMethod java/util/List iterator ()Ljava/util/Iterator; 0 0 1 0 -1
ciMethod java/util/List get (I)Ljava/lang/Object; 0 0 1 0 -1
ciMethod java/util/AbstractList listIterator ()Ljava/util/ListIterator; 2089 1 17434 0 64
ciMethod java/util/AbstractList listIterator (I)Ljava/util/ListIterator; 2065 1 2407 0 -1
ciMethod java/util/AbstractCollection <init> ()V 649 1 1007939 0 32
ciMethod java/util/ArrayList iterator ()Ljava/util/Iterator; 3417 1 10630 0 160
ciMethod java/util/ArrayList access$000 (Ljava/util/ArrayList;)I 1065 1 133 0 0
ciMethod java/util/Collections sort (Ljava/util/List;)V 1929 1 528 0 -1
ciMethod java/util/Set isEmpty ()Z 0 0 1 0 -1
ciMethod java/util/Set iterator ()Ljava/util/Iterator; 0 0 1 0 -1
ciMethod java/util/Set add (Ljava/lang/Object;)Z 0 0 1 0 -1
ciMethod java/util/Set remove (Ljava/lang/Object;)Z 0 0 1 0 -1
ciMethod java/util/AbstractSet <init> ()V 57 1 233825 0 32
ciMethod java/util/AbstractMap <init> ()V 673 1 158095 0 32
ciMethod java/util/HashMap hash (Ljava/lang/Object;)I 2137 1 277954 0 160
ciMethod java/util/HashMap <init> ()V 257 1 91301 0 32
ciMethod java/util/HashMap isEmpty ()Z 2057 1 8249 0 64
ciMethod java/util/HashMap put (Ljava/lang/Object;Ljava/lang/Object;)Ljava/lang/Object; 713 1 64706 0 1280
ciMethod java/util/HashMap putVal (ILjava/lang/Object;Ljava/lang/Object;ZZ)Ljava/lang/Object; 745 1 13696 0 1248
ciMethod java/util/HashMap resize ()[Ljava/util/HashMap$Node; 857 2089 1759 0 -1
ciMethod java/util/HashMap treeifyBin ([Ljava/util/HashMap$Node;I)V 0 0 1 0 -1
ciMethod java/util/HashMap removeNode (ILjava/lang/Object;Ljava/lang/Object;ZZ)Ljava/util/HashMap$Node; 1 1 13591 0 -1
ciMethod java/util/HashMap keySet ()Ljava/util/Set; 4097 1 6791 0 -1
ciMethod java/util/HashMap values ()Ljava/util/Collection; 2049 1 6400 0 192
ciMethod java/util/HashMap newNode (ILjava/lang/Object;Ljava/lang/Object;Ljava/util/HashMap$Node;)Ljava/util/HashMap$Node; 2065 1 5513 0 224
ciMethod java/util/HashMap afterNodeAccess (Ljava/util/HashMap$Node;)V 3233 1 1440 0 0
ciMethod java/util/HashMap afterNodeInsertion (Z)V 3097 1 1415 0 0
ciMethod java/util/HashMap$Node <init> (ILjava/lang/Object;Ljava/lang/Object;Ljava/util/HashMap$Node;)V 2201 1 14675 0 96
ciMethod java/lang/ThreadLocal get ()Ljava/lang/Object; 2049 1 26436 0 -1
ciMethodData java/lang/String length ()I 2 1203136 orig 264 88 29 0 100 0 0 0 0 96 60 193 21 0 0 0 0 32 1 0 0 0 0 0 0 0 0 0 0 0 0 0 0 0 0 0 0 0 0 0 0 0 0 0 0 0 0 0 0 0 0 0 0 0 0 0 0 0 0 0 0 0 0 0 0 0 0 0 0 0 0 0 0 0 0 0 0 0 0 0 0 77 68 79 32 101 120 116 114 97 32 100 97 116 97 32 108 111 99 107 0 0 0 0 0 0 0 0 0 0 0 0 0 0 0 0 0 0 0 0 0 0 0 0 0 0 0 0 0 0 0 0 0 0 0 0 0 0 0 0 0 0 0 0 0 0 0 0 0 0 0 0 0 0 0 0 0 0 0 0 0 0 0 0 0 0 0 0 0 0 0 0 0 0 0 0 0 0 0 0 0 0 0 0 0 1 0 0 0 0 0 0 0 0 0 0 0 0 0 0 0 1 0 0 0 0 0 0 0 0 0 0 0 0 0 0 0 0 2 0 0 1 206 146 0 1 0 0 0 0 0 0 0 0 0 0 0 2 0 0 0 0 0 0 0 0 0 0 0 0 0 0 0 255 255 255 255 0 0 0 0 0 0 0 0 data 0 oops 0
ciMethodData java/lang/Object <init> ()V 2 6324622 orig 264 88 29 0 100 0 0 0 0 128 4 193 21 0 0 0 0 32 1 0 0 0 0 0 0 0 0 0 0 0 0 0 0 0 0 0 0 0 0 0 0 0 0 0 0 0 0 0 0 0 0 0 0 0 0 0 0 0 0 0 0 0 0 0 0 0 0 0 0 0 0 0 0 0 0 0 0 0 0 0 0 77 68 79 32 101 120 116 114 97 32 100 97 116 97 32 108 111 99 107 0 0 0 0 0 0 0 0 0 0 0 0 0 0 0 0 0 0 0 0 0 0 0 0 0 0 0 0 0 0 0 0 0 0 0 0 0 0 0 0 0 0 0 0 0 0 0 0 0 0 0 0 0 0 0 0 0 0 0 0 0 0 0 0 0 0 0 0 0 0 0 0 0 0 0 0 0 0 0 0 0 0 0 0 0 1 0 0 0 0 0 0 0 1 0 0 0 0 0 0 0 1 0 0 0 0 0 0 0 0 0 0 0 0 0 0 0 0 2 0 0 113 252 3 3 1 0 0 0 0 0 0 0 0 0 0 0 2 0 0 0 0 0 3 0 1 0 0 0 0 0 0 0 255 255 255 255 0 0 0 0 0 0 0 0 data 0 oops 0
ciMethod java/util/Iterator hasNext ()Z 0 0 1 0 -1
ciMethod java/util/Iterator next ()Ljava/lang/Object; 0 0 1 0 -1
ciMethod java/util/Iterator remove ()V 0 0 1 0 -1
ciMethod java/util/LinkedHashMap linkNodeLast (Ljava/util/LinkedHashMap$Entry;)V 2113 1 7981 0 128
ciMethod java/util/LinkedHashMap newNode (ILjava/lang/Object;Ljava/lang/Object;Ljava/util/HashMap$Node;)Ljava/util/HashMap$Node; 2113 1 7893 0 288
ciMethod java/util/LinkedHashMap afterNodeInsertion (Z)V 3337 1 20586 0 320
ciMethod java/util/LinkedHashMap afterNodeAccess (Ljava/util/HashMap$Node;)V 1193 1 7476 0 288
ciMethod java/util/LinkedHashMap removeEldestEntry (Ljava/util/Map$Entry;)Z 1105 1 138 0 0
ciMethod java/lang/Enum compareTo (Ljava/lang/Enum;)I 2049 1 6414 0 128
ciMethod java/lang/Enum getDeclaringClass ()Ljava/lang/Class; 1 1 4198 0 -1
ciMethod java/util/LinkedHashMap$Entry <init> (ILjava/lang/Object;Ljava/lang/Object;Ljava/util/HashMap$Node;)V 2113 1 8472 0 96
ciMethod java/lang/IllegalArgumentException <init> (Ljava/lang/String;)V 0 0 62 0 -1
ciMethod java/util/Collections$SetFromMap isEmpty ()Z 4097 1 5892 0 0
ciMethod java/util/Collections$SetFromMap iterator ()Ljava/util/Iterator; 1161 1 140 0 0
ciMethod java/util/concurrent/locks/ReentrantLock tryLock ()Z 1433 1 15320 0 192
ciMethod java/util/concurrent/locks/ReentrantLock isHeldByCurrentThread ()Z 2049 1 31846 0 0
ciMethod java/util/concurrent/locks/ReentrantLock isLocked ()Z 3113 1 5483 0 0
ciMethod java/util/HashMap$TreeNode putTreeVal (Ljava/util/HashMap;[Ljava/util/HashMap$Node;ILjava/lang/Object;Ljava/lang/Object;)Ljava/util/HashMap$TreeNode; 0 0 1 0 -1
ciMethod java/util/HashMap$TreeNode split (Ljava/util/HashMap;[Ljava/util/HashMap$Node;II)V 0 0 1 0 -1
ciMethodData java/lang/String equals (Ljava/lang/Object;)Z 2 9463 orig 264 88 29 0 100 0 0 0 0 24 70 193 21 0 0 0 0 104 2 0 0 32 0 0 0 0 0 0 0 0 0 0 0 0 0 0 0 0 0 0 0 0 0 0 0 0 0 0 0 0 0 0 0 0 0 0 0 0 0 0 0 0 0 0 0 0 0 0 0 0 0 0 0 0 0 0 0 0 0 0 0 77 68 79 32 101 120 116 114 97 32 100 97 116 97 32 108 111 99 107 0 0 0 0 0 0 0 0 0 0 0 0 0 0 0 0 0 0 0 0 0 0 0 0 0 0 0 0 0 0 0 0 0 0 0 0 0 0 0 0 0 0 0 0 0 1 0 0 0 0 0 0 0 0 0 0 0 0 0 0 0 0 0 0 0 4 0 0 0 0 0 0 0 0 0 0 0 0 0 0 0 0 0 0 0 1 0 0 0 0 0 0 0 0 0 0 0 0 0 0 0 1 0 0 0 0 0 0 0 0 0 0 0 0 0 0 0 68 4 0 0 65 245 0 0 249 4 1 0 0 0 0 0 0 0 0 0 2 0 0 0 1 0 15 0 2 0 0 0 24 1 0 0 255 255 255 255 7 0 2 0 0 0 0 0 data 35 0x20007 0x1ccf 0x20 0x1d9 0x8c104 0xffffffffffffff5c 0x2821420 0x1c2e 0x1961e240 0x69 0xb0007 0xa5 0xc8 0x1c2e 0xf0004 0x0 0x2821420 0x1c2e 0x0 0x0 0x1f0007 0x19a0 0x78 0x28e 0x350007 0x1c9 0x58 0x2150 0x420007 0x208b 0x20 0xc5 0x4a0003 0x208b 0xffffffffffffffc0 oops 3